build/outputs/logs/manifest-merger-basic-debug-report.txt
-- Merging decision tree log ---
manifest
ADDED from frostwire-master\android\AndroidManifest.xml:21:1-433:12
	package
		ADDED from frostwire-master\android\AndroidManifest.xml:22:5-36
		INJECTED from frostwire-master\android\AndroidManifest.xml
		INJECTED from frostwire-master\android\AndroidManifest.xml
	android:versionName
		ADDED from frostwire-master\android\AndroidManifest.xml:25:5-32
		INJECTED from frostwire-master\android\AndroidManifest.xml
		INJECTED from frostwire-master\android\AndroidManifest.xml
	android:versionCode
		ADDED from frostwire-master\android\AndroidManifest.xml:24:5-30
		INJECTED from frostwire-master\android\AndroidManifest.xml
		INJECTED from frostwire-master\android\AndroidManifest.xml
	xmlns:android
		ADDED from frostwire-master\android\AndroidManifest.xml:21:11-69
	android:installLocation
		ADDED from frostwire-master\android\AndroidManifest.xml:23:5-35
uses-sdk
ADDED from frostwire-master\android\AndroidManifest.xml:31:5-33:41
MERGED from [com.android.support:support-v4:23.1.1] AndroidManifest.xml:20:5-43
MERGED from [com.google.android.gms:play-services-ads:8.4.0] AndroidManifest.xml:23:5-42
MERGED from [com.google.android.gms:play-services-basement:8.4.0] AndroidManifest.xml:18:5-42
MERGED from [com.android.support:support-v4:23.1.1] AndroidManifest.xml:20:5-43
MERGED from [com.mcxiaoke.volley:library-aar:1.0.0] AndroidManifest.xml:3:5-72
	android:targetSdkVersion
		ADDED from frostwire-master\android\AndroidManifest.xml:33:9-38
	android:minSdkVersion
		ADDED from frostwire-master\android\AndroidManifest.xml:32:9-35
uses-permission#android.permission.ACCESS_NETWORK_STATE
ADDED from frostwire-master\android\AndroidManifest.xml:35:5-79
MERGED from [com.google.android.gms:play-services-ads:8.4.0] AndroidManifest.xml:21:5-78
	android:name
		ADDED from frostwire-master\android\AndroidManifest.xml:35:22-76
uses-permission#android.permission.ACCESS_WIFI_STATE
ADDED from frostwire-master\android\AndroidManifest.xml:36:5-76
	android:name
		ADDED from frostwire-master\android\AndroidManifest.xml:36:22-73
uses-permission#android.permission.CHANGE_NETWORK_STATE
ADDED from frostwire-master\android\AndroidManifest.xml:37:5-79
	android:name
		ADDED from frostwire-master\android\AndroidManifest.xml:37:22-76
uses-permission#android.permission.CHANGE_WIFI_MULTICAST_STATE
ADDED from frostwire-master\android\AndroidManifest.xml:38:5-86
	android:name
		ADDED from frostwire-master\android\AndroidManifest.xml:38:22-83
uses-permission#android.permission.CHANGE_WIFI_STATE
ADDED from frostwire-master\android\AndroidManifest.xml:39:5-76
	android:name
		ADDED from frostwire-master\android\AndroidManifest.xml:39:22-73
uses-permission#android.permission.INTERNET
ADDED from frostwire-master\android\AndroidManifest.xml:40:5-67
MERGED from [com.google.android.gms:play-services-ads:8.4.0] AndroidManifest.xml:20:5-66
	android:name
		ADDED from frostwire-master\android\AndroidManifest.xml:40:22-64
uses-permission#android.permission.SET_WALLPAPER
ADDED from frostwire-master\android\AndroidManifest.xml:41:5-72
	android:name
		ADDED from frostwire-master\android\AndroidManifest.xml:41:22-69
uses-permission#android.permission.VIBRATE
ADDED from frostwire-master\android\AndroidManifest.xml:42:5-66
	android:name
		ADDED from frostwire-master\android\AndroidManifest.xml:42:22-63
uses-permission#android.permission.WAKE_LOCK
ADDED from frostwire-master\android\AndroidManifest.xml:43:5-68
	android:name
		ADDED from frostwire-master\android\AndroidManifest.xml:43:22-65
uses-permission#android.permission.WRITE_EXTERNAL_STORAGE
ADDED from frostwire-master\android\AndroidManifest.xml:44:5-81
	android:name
		ADDED from frostwire-master\android\AndroidManifest.xml:44:22-78
uses-permission#android.permission.RECEIVE_BOOT_COMPLETED
ADDED from frostwire-master\android\AndroidManifest.xml:45:5-81
	android:name
		ADDED from frostwire-master\android\AndroidManifest.xml:45:22-78
uses-permission#android.permission.BROADCAST_STICKY
ADDED from frostwire-master\android\AndroidManifest.xml:46:5-75
	android:name
		ADDED from frostwire-master\android\AndroidManifest.xml:46:22-72
uses-permission#com.android.launcher.permission.INSTALL_SHORTCUT
ADDED from frostwire-master\android\AndroidManifest.xml:47:5-88
	android:name
		ADDED from frostwire-master\android\AndroidManifest.xml:47:22-85
uses-permission#android.permission.GET_TASKS
ADDED from frostwire-master\android\AndroidManifest.xml:48:5-68
	android:name
		ADDED from frostwire-master\android\AndroidManifest.xml:48:22-65
uses-permission#android.permission.READ_EXTERNAL_STORAGE
ADDED from frostwire-master\android\AndroidManifest.xml:49:5-80
	android:name
		ADDED from frostwire-master\android\AndroidManifest.xml:49:22-77
uses-permission#android.permission.WRITE_SETTINGS
ADDED from frostwire-master\android\AndroidManifest.xml:50:5-73
	android:name
		ADDED from frostwire-master\android\AndroidManifest.xml:50:22-70
android:uses-permission#android.permission.READ_PHONE_STATE
ADDED from frostwire-master\android\AndroidManifest.xml:52:5-83
	android:name
		ADDED from frostwire-master\android\AndroidManifest.xml:52:30-80
application
ADDED from frostwire-master\android\AndroidManifest.xml:54:5-431:19
MERGED from [com.android.support:support-v4:23.1.1] AndroidManifest.xml:22:5-20
MERGED from [com.google.android.gms:play-services-ads:8.4.0] AndroidManifest.xml:24:5-32:19
MERGED from [com.google.android.gms:play-services-basement:8.4.0] AndroidManifest.xml:20:5-24:19
MERGED from [com.android.support:support-v4:23.1.1] AndroidManifest.xml:22:5-20
MERGED from [com.mcxiaoke.volley:library-aar:1.0.0] AndroidManifest.xml:5:5-19
	android:label
		ADDED from frostwire-master\android\AndroidManifest.xml:58:9-50
	android:allowBackup
		ADDED from frostwire-master\android\AndroidManifest.xml:56:9-35
	android:icon
		ADDED from frostwire-master\android\AndroidManifest.xml:57:9-42
	android:theme
		ADDED from frostwire-master\android\AndroidManifest.xml:59:9-47
	android:name
		ADDED from frostwire-master\android\AndroidManifest.xml:55:9-44
meta-data#com.google.android.gms.version
ADDED from frostwire-master\android\AndroidManifest.xml:60:9-62:69
MERGED from [com.google.android.gms:play-services-basement:8.4.0] AndroidManifest.xml:21:9-23:69
	android:value
		ADDED from frostwire-master\android\AndroidManifest.xml:62:13-66
	android:name
		ADDED from frostwire-master\android\AndroidManifest.xml:61:13-58
activity#com.frostwire.android.gui.activities.SplashActivity
ADDED from frostwire-master\android\AndroidManifest.xml:66:9-225:20
	android:label
		ADDED from frostwire-master\android\AndroidManifest.xml:68:13-54
	android:protectionLevel
		ADDED from frostwire-master\android\AndroidManifest.xml:69:13-48
	android:name
		ADDED from frostwire-master\android\AndroidManifest.xml:67:13-58
intent-filter#android.intent.action.MAIN+android.intent.action.MUSIC_PLAYER+android.intent.category.APP_MUSIC+android.intent.category.DEFAULT+android.intent.category.LAUNCHER
ADDED from frostwire-master\android\AndroidManifest.xml:70:13-77:29
action#android.intent.action.MAIN
ADDED from frostwire-master\android\AndroidManifest.xml:71:17-69
	android:name
		ADDED from frostwire-master\android\AndroidManifest.xml:71:25-66
action#android.intent.action.MUSIC_PLAYER
ADDED from frostwire-master\android\AndroidManifest.xml:72:17-77
	android:name
		ADDED from frostwire-master\android\AndroidManifest.xml:72:25-74
category#android.intent.category.LAUNCHER
ADDED from frostwire-master\android\AndroidManifest.xml:74:17-77
	android:name
		ADDED from frostwire-master\android\AndroidManifest.xml:74:27-74
category#android.intent.category.APP_MUSIC
ADDED from frostwire-master\android\AndroidManifest.xml:75:17-78
	android:name
		ADDED from frostwire-master\android\AndroidManifest.xml:75:27-75
category#android.intent.category.DEFAULT
ADDED from frostwire-master\android\AndroidManifest.xml:76:17-76
	android:name
		ADDED from frostwire-master\android\AndroidManifest.xml:76:27-73
intent-filter#android.intent.action.VIEW+android.intent.category.BROWSABLE+android.intent.category.DEFAULT
ADDED from frostwire-master\android\AndroidManifest.xml:80:13-90:29
action#android.intent.action.VIEW
ADDED from frostwire-master\android\AndroidManifest.xml:81:17-69
	android:name
		ADDED from frostwire-master\android\AndroidManifest.xml:81:25-66
category#android.intent.category.BROWSABLE
ADDED from frostwire-master\android\AndroidManifest.xml:84:17-78
	android:name
		ADDED from frostwire-master\android\AndroidManifest.xml:84:27-75
data
ADDED from frostwire-master\android\AndroidManifest.xml:86:17-89:45
	android:host
		ADDED from frostwire-master\android\AndroidManifest.xml:87:21-37
	android:scheme
		ADDED from frostwire-master\android\AndroidManifest.xml:89:21-42
	android:pathPattern
		ADDED from frostwire-master\android\AndroidManifest.xml:88:21-55
intent-filter#android.intent.category.DEFAULT
ADDED from frostwire-master\android\AndroidManifest.xml:216:13-224:29
activity#com.frostwire.android.gui.activities.WizardActivity
ADDED from frostwire-master\android\AndroidManifest.xml:226:9-229:52
	android:screenOrientation
		ADDED from frostwire-master\android\AndroidManifest.xml:229:13-49
	android:label
		ADDED from frostwire-master\android\AndroidManifest.xml:228:13-54
	android:name
		ADDED from frostwire-master\android\AndroidManifest.xml:227:13-58
activity#com.frostwire.android.gui.activities.SettingsActivity
ADDED from frostwire-master\android\AndroidManifest.xml:230:9-233:50
	android:label
		ADDED from frostwire-master\android\AndroidManifest.xml:232:13-62
	android:theme
		ADDED from frostwire-master\android\AndroidManifest.xml:233:13-47
	android:name
		ADDED from frostwire-master\android\AndroidManifest.xml:231:13-60
activity#com.frostwire.android.gui.activities.AboutActivity
ADDED from frostwire-master\android\AndroidManifest.xml:234:9-236:45
	android:label
		ADDED from frostwire-master\android\AndroidManifest.xml:236:13-42
	android:name
		ADDED from frostwire-master\android\AndroidManifest.xml:235:13-57
activity#com.frostwire.android.gui.activities.PreviewPlayerActivity
ADDED from frostwire-master\android\AndroidManifest.xml:237:9-240:47
	android:label
		ADDED from frostwire-master\android\AndroidManifest.xml:240:13-44
	android:configChanges
		ADDED from frostwire-master\android\AndroidManifest.xml:239:13-59
	android:name
		ADDED from frostwire-master\android\AndroidManifest.xml:238:13-65
activity#com.frostwire.android.gui.activities.NoBTCWalletAvailableActivity
ADDED from frostwire-master\android\AndroidManifest.xml:241:9-243:62
	android:label
		ADDED from frostwire-master\android\AndroidManifest.xml:243:13-59
	android:name
		ADDED from frostwire-master\android\AndroidManifest.xml:242:13-72
activity#com.andrew.apollo.ui.activities.HomeActivity
ADDED from frostwire-master\android\AndroidManifest.xml:246:9-248:55
	android:windowSoftInputMode
		ADDED from frostwire-master\android\AndroidManifest.xml:248:13-52
	android:name
		ADDED from frostwire-master\android\AndroidManifest.xml:247:13-72
activity#com.andrew.apollo.ui.activities.AudioPlayerActivity
ADDED from frostwire-master\android\AndroidManifest.xml:250:9-311:20
	android:clearTaskOnLaunch
		ADDED from frostwire-master\android\AndroidManifest.xml:252:13-45
	android:launchMode
		ADDED from frostwire-master\android\AndroidManifest.xml:253:13-44
	android:windowSoftInputMode
		ADDED from frostwire-master\android\AndroidManifest.xml:254:13-52
	android:name
		ADDED from frostwire-master\android\AndroidManifest.xml:251:13-79
intent-filter#android.intent.action.VIEW+android.intent.category.DEFAULT
ADDED from frostwire-master\android\AndroidManifest.xml:255:13-265:29
intent-filter#android.intent.category.DEFAULT+com.frostwire.android.AUDIO_PLAYER
ADDED from frostwire-master\android\AndroidManifest.xml:298:13-302:29
action#com.frostwire.android.AUDIO_PLAYER
ADDED from frostwire-master\android\AndroidManifest.xml:299:17-77
	android:name
		ADDED from frostwire-master\android\AndroidManifest.xml:299:25-74
intent-filter#android.intent.action.PICK+android.intent.category.DEFAULT+android.intent.category.OPENABLE
ADDED from frostwire-master\android\AndroidManifest.xml:303:13-310:29
action#android.intent.action.PICK
ADDED from frostwire-master\android\AndroidManifest.xml:304:17-69
	android:name
		ADDED from frostwire-master\android\AndroidManifest.xml:304:25-66
category#android.intent.category.OPENABLE
ADDED from frostwire-master\android\AndroidManifest.xml:307:17-77
	android:name
		ADDED from frostwire-master\android\AndroidManifest.xml:307:27-74
activity#com.andrew.apollo.ui.activities.ProfileActivity
ADDED from frostwire-master\android\AndroidManifest.xml:313:9-315:49
	android:excludeFromRecents
		ADDED from frostwire-master\android\AndroidManifest.xml:315:13-46
	android:name
		ADDED from frostwire-master\android\AndroidManifest.xml:314:13-75
activity#com.andrew.apollo.ui.activities.ShortcutActivity
ADDED from frostwire-master\android\AndroidManifest.xml:317:9-326:20
	android:excludeFromRecents
		ADDED from frostwire-master\android\AndroidManifest.xml:319:13-46
	android:theme
		ADDED from frostwire-master\android\AndroidManifest.xml:320:13-53
	android:name
		ADDED from frostwire-master\android\AndroidManifest.xml:318:13-76
intent-filter#android.intent.category.DEFAULT+android.media.action.MEDIA_PLAY_FROM_SEARCH
ADDED from frostwire-master\android\AndroidManifest.xml:321:13-325:29
action#android.media.action.MEDIA_PLAY_FROM_SEARCH
ADDED from frostwire-master\android\AndroidManifest.xml:322:17-86
	android:name
		ADDED from frostwire-master\android\AndroidManifest.xml:322:25-83
activity#com.andrew.apollo.ui.activities.SearchActivity
ADDED from frostwire-master\android\AndroidManifest.xml:328:9-341:20
	android:parentActivityName
		ADDED from frostwire-master\android\AndroidManifest.xml:330:13-86
	android:name
		ADDED from frostwire-master\android\AndroidManifest.xml:329:13-74
intent-filter#android.intent.action.MEDIA_SEARCH+android.intent.action.SEARCH+android.intent.category.DEFAULT
ADDED from frostwire-master\android\AndroidManifest.xml:331:13-336:29
action#android.intent.action.SEARCH
ADDED from frostwire-master\android\AndroidManifest.xml:332:17-71
	android:name
		ADDED from frostwire-master\android\AndroidManifest.xml:332:25-68
action#android.intent.action.MEDIA_SEARCH
ADDED from frostwire-master\android\AndroidManifest.xml:333:17-77
	android:name
		ADDED from frostwire-master\android\AndroidManifest.xml:333:25-74
meta-data#android.app.searchable
ADDED from frostwire-master\android\AndroidManifest.xml:338:13-340:54
	android:resource
		ADDED from frostwire-master\android\AndroidManifest.xml:340:17-51
	android:name
		ADDED from frostwire-master\android\AndroidManifest.xml:339:17-54
activity#com.frostwire.android.gui.activities.VPNStatusDetailActivity
ADDED from frostwire-master\android\AndroidManifest.xml:343:9-346:40
	android:excludeFromRecents
		ADDED from frostwire-master\android\AndroidManifest.xml:345:13-46
	android:noHistory
		ADDED from frostwire-master\android\AndroidManifest.xml:346:13-37
	android:name
		ADDED from frostwire-master\android\AndroidManifest.xml:344:13-67
activity#com.inmobi.androidsdk.IMBrowserActivity
ADDED from frostwire-master\android\AndroidManifest.xml:370:9-374:75
	android:hardwareAccelerated
		ADDED from frostwire-master\android\AndroidManifest.xml:373:13-47
	android:configChanges
		ADDED from frostwire-master\android\AndroidManifest.xml:372:13-102
	android:theme
		ADDED from frostwire-master\android\AndroidManifest.xml:374:13-72
	android:name
		ADDED from frostwire-master\android\AndroidManifest.xml:371:13-67
receiver#com.inmobi.commons.analytics.androidsdk.IMAdTrackerReceiver
ADDED from frostwire-master\android\AndroidManifest.xml:376:9-385:20
	android:enabled
		ADDED from frostwire-master\android\AndroidManifest.xml:378:13-35
	android:exported
		ADDED from frostwire-master\android\AndroidManifest.xml:379:13-36
	android:name
		ADDED from frostwire-master\android\AndroidManifest.xml:377:13-87
intent-filter#android.net.conn.CONNECTIVITY_CHANGE+com.android.vending.INSTALL_REFERRER+com.inmobi.share.id
ADDED from frostwire-master\android\AndroidManifest.xml:380:13-384:29
action#com.android.vending.INSTALL_REFERRER
ADDED from frostwire-master\android\AndroidManifest.xml:381:17-79
	android:name
		ADDED from frostwire-master\android\AndroidManifest.xml:381:25-76
action#android.net.conn.CONNECTIVITY_CHANGE
ADDED from frostwire-master\android\AndroidManifest.xml:382:17-79
	android:name
		ADDED from frostwire-master\android\AndroidManifest.xml:382:25-76
action#com.inmobi.share.id
ADDED from frostwire-master\android\AndroidManifest.xml:383:17-62
	android:name
		ADDED from frostwire-master\android\AndroidManifest.xml:383:25-59
meta-data#applovin.sdk.key
ADDED from frostwire-master\android\AndroidManifest.xml:391:9-393:118
	android:value
		ADDED from frostwire-master\android\AndroidManifest.xml:393:13-115
	android:name
		ADDED from frostwire-master\android\AndroidManifest.xml:392:13-44
activity#com.applovin.adview.AppLovinInterstitialActivity
ADDED from frostwire-master\android\AndroidManifest.xml:395:9-85
	android:name
		ADDED from frostwire-master\android\AndroidManifest.xml:395:19-82
activity#com.applovin.adview.AppLovinConfirmationActivity
ADDED from frostwire-master\android\AndroidManifest.xml:396:9-85
	android:name
		ADDED from frostwire-master\android\AndroidManifest.xml:396:19-82
service#com.frostwire.android.gui.services.EngineService
ADDED from frostwire-master\android\AndroidManifest.xml:402:9-404:40
	android:exported
		ADDED from frostwire-master\android\AndroidManifest.xml:404:13-37
	android:name
		ADDED from frostwire-master\android\AndroidManifest.xml:403:13-55
service#com.andrew.apollo.MusicPlaybackService
ADDED from frostwire-master\android\AndroidManifest.xml:405:9-407:51
	android:protectionLevel
		ADDED from frostwire-master\android\AndroidManifest.xml:407:13-48
	android:name
		ADDED from frostwire-master\android\AndroidManifest.xml:406:13-66
receiver#com.frostwire.android.gui.services.EngineBroadcastReceiver
ADDED from frostwire-master\android\AndroidManifest.xml:409:9-413:20
	android:name
		ADDED from frostwire-master\android\AndroidManifest.xml:409:19-71
intent-filter#android.intent.action.BOOT_COMPLETED
ADDED from frostwire-master\android\AndroidManifest.xml:410:13-412:29
action#android.intent.action.BOOT_COMPLETED
ADDED from frostwire-master\android\AndroidManifest.xml:411:17-79
	android:name
		ADDED from frostwire-master\android\AndroidManifest.xml:411:25-76
receiver#com.andrew.apollo.MediaButtonIntentReceiver
ADDED from frostwire-master\android\AndroidManifest.xml:414:9-419:20
	android:name
		ADDED from frostwire-master\android\AndroidManifest.xml:414:19-77
intent-filter#android.intent.action.MEDIA_BUTTON+android.media.AUDIO_BECOMING_NOISY
ADDED from frostwire-master\android\AndroidManifest.xml:415:13-418:29
action#android.intent.action.MEDIA_BUTTON
ADDED from frostwire-master\android\AndroidManifest.xml:416:17-77
	android:name
		ADDED from frostwire-master\android\AndroidManifest.xml:416:25-74
action#android.media.AUDIO_BECOMING_NOISY
ADDED from frostwire-master\android\AndroidManifest.xml:417:17-77
	android:name
		ADDED from frostwire-master\android\AndroidManifest.xml:417:25-74
activity#com.frostwire.android.gui.activities.MainActivity
ADDED from frostwire-master\android\AndroidManifest.xml:421:9-425:20
	android:label
		ADDED from frostwire-master\android\AndroidManifest.xml:423:13-54
	android:protectionLevel
		ADDED from frostwire-master\android\AndroidManifest.xml:424:13-48
	android:name
		ADDED from frostwire-master\android\AndroidManifest.xml:422:13-56
activity#com.frostwire.android.gui.activities.MainActivity2
ADDED from frostwire-master\android\AndroidManifest.xml:426:9-430:20
	android:label
		ADDED from frostwire-master\android\AndroidManifest.xml:428:13-54
	android:protectionLevel
		ADDED from frostwire-master\android\AndroidManifest.xml:429:13-48
	android:name
		ADDED from frostwire-master\android\AndroidManifest.xml:427:13-57
activity#com.google.android.gms.ads.AdActivity
ADDED from [com.google.android.gms:play-services-ads:8.4.0] AndroidManifest.xml:26:9-29:64
	android:configChanges
		ADDED from [com.google.android.gms:play-services-ads:8.4.0] AndroidManifest.xml:28:13-122
	android:theme
		ADDED from [com.google.android.gms:play-services-ads:8.4.0] AndroidManifest.xml:29:13-61
	android:name
		ADDED from [com.google.android.gms:play-services-ads:8.4.0] AndroidManifest.xml:27:13-65
activity#com.google.android.gms.ads.purchase.InAppPurchaseActivity
ADDED from [com.google.android.gms:play-services-ads:8.4.0] AndroidManifest.xml:30:9-31:52
	android:theme
		ADDED from [com.google.android.gms:play-services-ads:8.4.0] AndroidManifest.xml:31:13-50
	android:name
		ADDED from [com.google.android.gms:play-services-ads:8.4.0] AndroidManifest.xml:30:19-91